Using pre-set license
Built from '2020.2/staging' branch; Version is '2020.2.3f1 (8ff31bc5bf5b) revision 9433883'; Using compiler version '192528614'; Build Type 'Release'
OS: 'Windows 10 Home; OS build 19042.844; Version 2009; 64bit' Language: 'nl' Physical Memory: 16288 MB
BatchMode: 1, IsHumanControllingUs: 0, StartBugReporterOnCrash: 0, Is64bit: 1, IsPro: 0

 COMMAND LINE ARGUMENTS:
C:\Program Files\2020.2.3f1\Editor\Unity.exe
-adb2
-batchMode
-noUpm
-name
AssetImportWorker0
-projectPath
D:/GitHub/unity-3d/3D-GameProgramming-Cursus
-logFile
Logs/AssetImportWorker0.log
-srvPort
58122
Successfully changed project path to: D:/GitHub/unity-3d/3D-GameProgramming-Cursus
D:/GitHub/unity-3d/3D-GameProgramming-Cursus
Using Asset Import Pipeline V2.
Refreshing native plugins compatible for Editor in 39.63 ms, found 0 plugins.
Preloading 0 native plugins for Editor in 0.00 ms.
Initialize engine version: 2020.2.3f1 (8ff31bc5bf5b)
[Subsystems] Discovering subsystems at path C:/Program Files/2020.2.3f1/Editor/Data/Resources/UnitySubsystems
[Subsystems] Discovering subsystems at path D:/GitHub/unity-3d/3D-GameProgramming-Cursus/Assets
GfxDevice: creating device client; threaded=0
Direct3D:
    Version:  Direct3D 11.0 [level 11.1]
    Renderer: NVIDIA GeForce GTX 1050 With Max-Q Design (ID=0x1c92)
    Vendor:   
    VRAM:     4021 MB
    Driver:   24.21.13.9921
Initialize mono
Mono path[0] = 'C:/Program Files/2020.2.3f1/Editor/Data/Managed'
Mono path[1] = 'C:/Program Files/2020.2.3f1/Editor/Data/MonoBleedingEdge/lib/mono/unityjit'
Mono config path = 'C:/Program Files/2020.2.3f1/Editor/Data/MonoBleedingEdge/etc'
Using monoOptions --debugger-agent=transport=dt_socket,embedding=1,server=y,suspend=n,address=127.0.0.1:56576
Begin MonoManager ReloadAssembly
Registering precompiled unity dll's ...
Register platform support module: C:/Program Files/2020.2.3f1/Editor/Data/PlaybackEngines/WebGLSupport/UnityEditor.WebGL.Extensions.dll
Register platform support module: C:/Program Files/2020.2.3f1/Editor/Data/PlaybackEngines/WindowsStandaloneSupport/UnityEditor.WindowsStandalone.Extensions.dll
Registered in 0.002629 seconds.
Native extension for WindowsStandalone target not found
Native extension for WebGL target not found
Refreshing native plugins compatible for Editor in 34.74 ms, found 0 plugins.
Preloading 0 native plugins for Editor in 0.00 ms.
Invoked RoslynAnalysisRunner static constructor.
RoslynAnalysisRunner will not be running.
RoslynAnalysisRunner has terminated.
Mono: successfully reloaded assembly
- Completed reload, in  1.355 seconds
Platform modules already initialized, skipping
Registering precompiled user dll's ...
Registered in 0.000680 seconds.
Begin MonoManager ReloadAssembly
Native extension for WindowsStandalone target not found
Native extension for WebGL target not found
Refreshing native plugins compatible for Editor in 0.34 ms, found 0 plugins.
Preloading 0 native plugins for Editor in 0.00 ms.
Invoked RoslynAnalysisRunner static constructor.
RoslynAnalysisRunner will not be running.
RoslynAnalysisRunner has terminated.
Mono: successfully reloaded assembly
- Completed reload, in  0.965 seconds
Platform modules already initialized, skipping
========================================================================
Worker process is ready to serve import requests
Launched and connected shader compiler UnityShaderCompiler.exe after 0.05 seconds
Refreshing native plugins compatible for Editor in 0.38 ms, found 0 plugins.
Preloading 0 native plugins for Editor in 0.00 ms.
Unloading 1147 Unused Serialized files (Serialized files now loaded: 0)
System memory in use before: 60.5 MB.
System memory in use after: 60.5 MB.

Unloading 10 unused Assets to reduce memory usage. Loaded Objects now: 1591.
Total: 2.171700 ms (FindLiveObjects: 0.220800 ms CreateObjectMapping: 0.257700 ms MarkObjects: 1.566400 ms  DeleteObjects: 0.125500 ms)

========================================================================
Received Import Request.
  path: Assets/Scenes/Week5
  artifactKey: Guid(688dd759e405a1c40b47df788ae92f8a) Importer(815301076,1909f56bfc062723c751e8b465ee728b)
Start importing Assets/Scenes/Week5 using Guid(688dd759e405a1c40b47df788ae92f8a) Importer(815301076,1909f56bfc062723c751e8b465ee728b)  -> (artifact id: '7776607c41340b9aa07a5fc0ae81e1f2') in 0.004480 seconds
  Import took 0.006558 seconds .

========================================================================
Received Import Request.
  Time since last request: 1161.362068 seconds.
  path: Assets/Scenes/SampleScene.unity
  artifactKey: Guid(9fc0d4010bbf28b4594072e72b8655ab) Importer(815301076,1909f56bfc062723c751e8b465ee728b)
Start importing Assets/Scenes/SampleScene.unity using Guid(9fc0d4010bbf28b4594072e72b8655ab) Importer(815301076,1909f56bfc062723c751e8b465ee728b)  -> (artifact id: 'a6b289d5da5e85d786c3d42505c31db6') in 0.018914 seconds
  Import took 0.022115 seconds .

========================================================================
Received Import Request.
  Time since last request: 626.303727 seconds.
  path: Assets/Graphics/AtomRocket
  artifactKey: Guid(0fdda421cd3d4c44aa0fc0a77883713c) Importer(815301076,1909f56bfc062723c751e8b465ee728b)
Start importing Assets/Graphics/AtomRocket using Guid(0fdda421cd3d4c44aa0fc0a77883713c) Importer(815301076,1909f56bfc062723c751e8b465ee728b)  -> (artifact id: '30b0da2ad5364e16420ce4d431d51a1d') in 0.002280 seconds
  Import took 0.006358 seconds .

========================================================================
Received Import Request.
  Time since last request: 2.804931 seconds.
  path: Assets/Graphics/AtomRocket/Prefab
  artifactKey: Guid(3c86eb1846132844facba3d2cd4705e2) Importer(815301076,1909f56bfc062723c751e8b465ee728b)
Start importing Assets/Graphics/AtomRocket/Prefab using Guid(3c86eb1846132844facba3d2cd4705e2) Importer(815301076,1909f56bfc062723c751e8b465ee728b)  -> (artifact id: 'd00a6a8f04b36657ba3802acc5520c72') in 0.001179 seconds
  Import took 0.003471 seconds .

========================================================================
Received Import Request.
  Time since last request: 977.855362 seconds.
  path: Assets/Graphics/Standard Assets/Prototyping/Materials/PinkSmooth.mat
  artifactKey: Guid(fed4e78bda2b3de45954637fee164b8c) Importer(815301076,1909f56bfc062723c751e8b465ee728b)
Start importing Assets/Graphics/Standard Assets/Prototyping/Materials/PinkSmooth.mat using Guid(fed4e78bda2b3de45954637fee164b8c) Importer(815301076,1909f56bfc062723c751e8b465ee728b)  -> (artifact id: 'd914fbdf20a8f7962cad3d30ce270a99') in 0.170266 seconds
  Import took 0.173631 seconds .

========================================================================
Received Import Request.
  Time since last request: 588.589635 seconds.
  path: Assets/Graphics/Standard Assets/Prototyping/Materials/RedSmooth.mat
  artifactKey: Guid(0fa8c5ef3738698469b9ac2faa2b1d8f) Importer(815301076,1909f56bfc062723c751e8b465ee728b)
Start importing Assets/Graphics/Standard Assets/Prototyping/Materials/RedSmooth.mat using Guid(0fa8c5ef3738698469b9ac2faa2b1d8f) Importer(815301076,1909f56bfc062723c751e8b465ee728b)  -> (artifact id: '042887f752aa04f2e905995b362155e0') in 0.022451 seconds
  Import took 0.026245 seconds .

AssetImportWorkerClient::OnTransportError - code=2 error=End of file
