Using pre-set license
Built from '2020.2/staging' branch; Version is '2020.2.3f1 (8ff31bc5bf5b) revision 9433883'; Using compiler version '192528614'; Build Type 'Release'
OS: 'Windows 10 Home; OS build 18363.1379; Version 1909; 64bit' Language: 'nl' Physical Memory: 16288 MB
BatchMode: 1, IsHumanControllingUs: 0, StartBugReporterOnCrash: 0, Is64bit: 1, IsPro: 0

 COMMAND LINE ARGUMENTS:
C:\Program Files\2020.2.3f1\Editor\Unity.exe
-adb2
-batchMode
-noUpm
-name
AssetImportWorker0
-projectPath
D:/GitHub/unity-3d/3D-GameProgramming-Cursus
-logFile
Logs/AssetImportWorker0.log
-srvPort
51943
Successfully changed project path to: D:/GitHub/unity-3d/3D-GameProgramming-Cursus
D:/GitHub/unity-3d/3D-GameProgramming-Cursus
Using Asset Import Pipeline V2.
Refreshing native plugins compatible for Editor in 26.13 ms, found 0 plugins.
Preloading 0 native plugins for Editor in 0.00 ms.
Initialize engine version: 2020.2.3f1 (8ff31bc5bf5b)
[Subsystems] Discovering subsystems at path C:/Program Files/2020.2.3f1/Editor/Data/Resources/UnitySubsystems
[Subsystems] Discovering subsystems at path D:/GitHub/unity-3d/3D-GameProgramming-Cursus/Assets
GfxDevice: creating device client; threaded=0
Direct3D:
    Version:  Direct3D 11.0 [level 11.1]
    Renderer: NVIDIA GeForce GTX 1050 With Max-Q Design (ID=0x1c92)
    Vendor:   
    VRAM:     4021 MB
    Driver:   24.21.13.9921
Initialize mono
Mono path[0] = 'C:/Program Files/2020.2.3f1/Editor/Data/Managed'
Mono path[1] = 'C:/Program Files/2020.2.3f1/Editor/Data/MonoBleedingEdge/lib/mono/unityjit'
Mono config path = 'C:/Program Files/2020.2.3f1/Editor/Data/MonoBleedingEdge/etc'
Using monoOptions --debugger-agent=transport=dt_socket,embedding=1,server=y,suspend=n,address=127.0.0.1:56972
Begin MonoManager ReloadAssembly
Registering precompiled unity dll's ...
Register platform support module: C:/Program Files/2020.2.3f1/Editor/Data/PlaybackEngines/WindowsStandaloneSupport/UnityEditor.WindowsStandalone.Extensions.dll
Registered in 0.002001 seconds.
Native extension for WindowsStandalone target not found
Refreshing native plugins compatible for Editor in 22.41 ms, found 0 plugins.
Preloading 0 native plugins for Editor in 0.00 ms.
Unable to find bridge dll in registry for Microsoft Visual Studio Tools for Unity for C:/Program Files (x86)/Microsoft Visual Studio/2019/Community/Common7/IDE/devenv.exe
Invoked RoslynAnalysisRunner static constructor.
RoslynAnalysisRunner will not be running.
RoslynAnalysisRunner has terminated.
Mono: successfully reloaded assembly
- Completed reload, in  1.001 seconds
Platform modules already initialized, skipping
Registering precompiled user dll's ...
Registered in 0.000443 seconds.
Begin MonoManager ReloadAssembly
Native extension for WindowsStandalone target not found
Refreshing native plugins compatible for Editor in 0.22 ms, found 0 plugins.
Preloading 0 native plugins for Editor in 0.00 ms.
Invoked RoslynAnalysisRunner static constructor.
RoslynAnalysisRunner will not be running.
RoslynAnalysisRunner has terminated.
Mono: successfully reloaded assembly
- Completed reload, in  0.815 seconds
Platform modules already initialized, skipping
========================================================================
Worker process is ready to serve import requests
Launched and connected shader compiler UnityShaderCompiler.exe after 0.05 seconds
Refreshing native plugins compatible for Editor in 0.43 ms, found 0 plugins.
Preloading 0 native plugins for Editor in 0.00 ms.
Unloading 1099 Unused Serialized files (Serialized files now loaded: 0)
System memory in use before: 56.6 MB.
System memory in use after: 56.6 MB.

Unloading 10 unused Assets to reduce memory usage. Loaded Objects now: 1540.
Total: 1.908900 ms (FindLiveObjects: 0.214000 ms CreateObjectMapping: 0.056000 ms MarkObjects: 1.544500 ms  DeleteObjects: 0.092400 ms)

========================================================================
Received Import Request.
  path: Assets/Graphics/2k_earth_daymap.jpg
  artifactKey: Guid(6ad294005baa63b46be109d94adcb6c9) Importer(815301076,1909f56bfc062723c751e8b465ee728b)
Start importing Assets/Graphics/2k_earth_daymap.jpg using Guid(6ad294005baa63b46be109d94adcb6c9) Importer(815301076,1909f56bfc062723c751e8b465ee728b)  -> (artifact id: '6f9f8da7573ce7b8b6273548cf74fa1c') in 0.096059 seconds
  Import took 0.098259 seconds .

========================================================================
Received Import Request.
  Time since last request: 0.821569 seconds.
  path: Assets/Graphics/2k_sun.jpg
  artifactKey: Guid(f11c53a89e80ab3408934a4b5ff6f494) Importer(815301076,1909f56bfc062723c751e8b465ee728b)
Start importing Assets/Graphics/2k_sun.jpg using Guid(f11c53a89e80ab3408934a4b5ff6f494) Importer(815301076,1909f56bfc062723c751e8b465ee728b)  -> (artifact id: 'c152ff9ff33f2aaa6267625f77056b30') in 0.013148 seconds
  Import took 0.015817 seconds .

========================================================================
Received Import Request.
  Time since last request: 26.750785 seconds.
  path: Assets/Graphics/2k_stars_milky_way.jpg
  artifactKey: Guid(f4874683a7f9a454e9c8be11e060e45e) Importer(815301076,1909f56bfc062723c751e8b465ee728b)
Start importing Assets/Graphics/2k_stars_milky_way.jpg using Guid(f4874683a7f9a454e9c8be11e060e45e) Importer(815301076,1909f56bfc062723c751e8b465ee728b)  -> (artifact id: '99384937f46c27a8ac8ae8bc39297dd8') in 0.008552 seconds
  Import took 0.011387 seconds .

========================================================================
Received Import Request.
  Time since last request: 0.000596 seconds.
  path: Assets/Graphics/2k_stars_milky_way.jpg
  artifactKey: Guid(f4874683a7f9a454e9c8be11e060e45e) Importer(815301076,1909f56bfc062723c751e8b465ee728b)
Start importing Assets/Graphics/2k_stars_milky_way.jpg using Guid(f4874683a7f9a454e9c8be11e060e45e) Importer(815301076,1909f56bfc062723c751e8b465ee728b)  -> (artifact id: '99384937f46c27a8ac8ae8bc39297dd8') in 0.007567 seconds
  Import took 0.009661 seconds .

